2024-05-04 22:15:49,586 - aiogram.dispatcher - INFO - Start polling
2024-05-04 22:15:49,636 - aiogram.dispatcher - INFO - Run polling for bot @atl_nandy_bot id=7121339655 - 'HandyBOT'
2024-05-04 22:16:45,827 - bot.handlers.user_handlers - INFO - Пользователь Ирина мег id 1275750441 начал разговор.
2024-05-04 22:16:46,112 - aiogram.event - INFO - Update id=824594170 is handled. Duration 285 ms by bot id=7121339655
2024-05-04 22:17:00,989 - bot.handlers.user_handlers - INFO - Пользователь Ирина мег id 1275750441 зарегистрировал адрес электронной почты.
2024-05-04 22:17:01,288 - aiogram.event - INFO - Update id=824594171 is handled. Duration 306 ms by bot id=7121339655
2024-05-04 22:17:05,657 - bot.handlers.analitics_handlers - INFO - Пользователь Ирина мег id 1275750441 зашел в раздел 'Аналитика'
2024-05-04 22:17:06,972 - aiogram.event - INFO - Update id=824594172 is handled. Duration 1382 ms by bot id=7121339655
2024-05-04 22:17:11,912 - aiogram.event - INFO - Update id=824594173 is handled. Duration 145 ms by bot id=7121339655
2024-05-04 22:17:13,577 - bot.handlers.wagon_info_handlers - INFO - Пользователь Ирина мег id 1275750441 зашел в раздел 'Информация о вагоне'
2024-05-04 22:17:13,647 - aiogram.event - INFO - Update id=824594174 is handled. Duration 72 ms by bot id=7121339655
2024-05-04 22:17:17,978 - aiogram.event - INFO - Update id=824594175 is handled. Duration 180 ms by bot id=7121339655
2024-05-04 22:17:30,962 - aiogram.event - INFO - Update id=824594176 is handled. Duration 153 ms by bot id=7121339655
2024-05-04 22:17:34,326 - aiogram.event - INFO - Update id=824594177 is handled. Duration 442 ms by bot id=7121339655
2024-05-04 22:17:38,952 - aiogram.event - INFO - Update id=824594178 is handled. Duration 149 ms by bot id=7121339655
2024-05-04 22:17:44,850 - aiogram.event - INFO - Update id=824594179 is handled. Duration 231 ms by bot id=7121339655
2024-05-04 22:17:57,080 - aiogram.event - INFO - Update id=824594180 is handled. Duration 239 ms by bot id=7121339655
2024-05-04 22:18:02,076 - aiogram.event - INFO - Update id=824594181 is handled. Duration 370 ms by bot id=7121339655
2024-05-04 22:18:50,959 - aiogram.dispatcher - WARNING - Received SIGINT signal
2024-05-04 22:18:50,960 - aiogram.dispatcher - INFO - Polling stopped for bot @atl_nandy_bot id=7121339655 - 'HandyBOT'
2024-05-04 22:18:50,960 - aiogram.dispatcher - INFO - Polling stopped
2024-05-04 22:18:53,590 - aiogram.dispatcher - INFO - Start polling
2024-05-04 22:18:53,647 - aiogram.dispatcher - INFO - Run polling for bot @atl_nandy_bot id=7121339655 - 'HandyBOT'
2024-05-04 22:19:17,312 - bot.handlers.user_handlers - INFO - Пользователь Ирина мег id 1275750441 начал разговор.
2024-05-04 22:19:17,313 - aiogram.event - INFO - Update id=824594182 is handled. Duration 312 ms by bot id=7121339655
2024-05-04 22:19:21,069 - bot.handlers.wagon_info_handlers - INFO - Пользователь Ирина мег id 1275750441 зашел в раздел 'Информация о вагоне'
2024-05-04 22:19:21,154 - aiogram.event - INFO - Update id=824594183 is handled. Duration 87 ms by bot id=7121339655
2024-05-04 22:19:22,853 - aiogram.event - INFO - Update id=824594184 is handled. Duration 353 ms by bot id=7121339655
2024-05-04 22:19:24,337 - aiogram.event - INFO - Update id=824594185 is handled. Duration 86 ms by bot id=7121339655
2024-05-04 22:19:26,629 - aiogram.event - INFO - Update id=824594186 is handled. Duration 303 ms by bot id=7121339655
2024-05-04 22:19:46,692 - aiogram.event - INFO - Update id=824594187 is handled. Duration 230 ms by bot id=7121339655
2024-05-04 22:19:48,201 - bot.handlers.file_manager_handlers - INFO - Пользователь Ирина мег id 1275750441 зашел в раздел 'Отчетность'
2024-05-04 22:19:48,342 - aiogram.event - INFO - Update id=824594188 is handled. Duration 250 ms by bot id=7121339655
2024-05-04 22:19:49,645 - bot.handlers.file_manager_handlers - INFO - Пользователь Ирина мег id 1275750441 выбрал метод отправки 'На почту'
2024-05-04 22:19:50,003 - aiogram.event - INFO - Update id=824594189 is handled. Duration 363 ms by bot id=7121339655
2024-05-04 22:19:51,637 - aiogram.event - INFO - Update id=824594190 is handled. Duration 157 ms by bot id=7121339655
2024-05-04 22:20:09,508 - bot.handlers.user_handlers - INFO - Пользователь Sergei id 1071020716 начал разговор.
2024-05-04 22:20:09,508 - aiogram.event - INFO - Update id=824594191 is handled. Duration 207 ms by bot id=7121339655
2024-05-04 22:20:10,846 - bot.handlers.file_manager_handlers - INFO - Пользователь Sergei id 1071020716 зашел в раздел 'Отчетность'
2024-05-04 22:20:10,984 - aiogram.event - INFO - Update id=824594192 is handled. Duration 227 ms by bot id=7121339655
2024-05-04 22:20:11,744 - bot.handlers.file_manager_handlers - INFO - Пользователь Sergei id 1071020716 выбрал метод отправки 'На почту'
2024-05-04 22:20:11,888 - aiogram.event - INFO - Update id=824594193 is handled. Duration 147 ms by bot id=7121339655
2024-05-04 22:20:14,495 - aiogram.event - INFO - Update id=824594194 is handled. Duration 295 ms by bot id=7121339655
2024-05-04 22:20:18,834 - bot.handlers.file_manager_handlers - INFO - Статус отправки файла '/Users/szely/Yandex.Disk.localized/Финансовый департамент/ОТЧЕТНОСТЬ/08. МСФО/2022 2 кв. Отчетность_МСФО_1пг2022.pdf' на почту для пользователя  Ирина мег id 1275750441 - 'На Вашу почту irzely@yandex.ru успешно отправлен файл '
2024-05-04 22:20:19,397 - bot.handlers.file_manager_handlers - INFO - Статус отправки файла '/Users/szely/Yandex.Disk.localized/Финансовый департамент/ОТЧЕТНОСТЬ/08. МСФО/2022 2 кв. Отчетность_МСФО_1пг2022.pdf' на почту для пользователя  Sergei id 1071020716 - 'На Вашу почту szely@yandex.ru успешно отправлен файл '
2024-05-04 22:20:19,399 - aiogram.event - INFO - Update id=824594195 is handled. Duration 1061 ms by bot id=7121339655
2024-05-04 22:20:19,595 - aiogram.event - INFO - Update id=824594196 is handled. Duration 702 ms by bot id=7121339655
2024-05-04 22:22:43,451 - aiogram.dispatcher - WARNING - Received SIGINT signal
2024-05-04 22:22:43,452 - aiogram.dispatcher - INFO - Polling stopped for bot @atl_nandy_bot id=7121339655 - 'HandyBOT'
2024-05-04 22:22:43,452 - aiogram.dispatcher - INFO - Polling stopped
2024-05-04 22:22:57,289 - aiogram.dispatcher - INFO - Start polling
2024-05-04 22:22:57,350 - aiogram.dispatcher - INFO - Run polling for bot @atl_nandy_bot id=7121339655 - 'HandyBOT'
2024-05-04 22:23:04,302 - bot.handlers.user_handlers - INFO - Пользователь Sergei id 1071020716 начал разговор.
2024-05-04 22:23:04,302 - aiogram.event - INFO - Update id=824594197 is handled. Duration 208 ms by bot id=7121339655
2024-05-04 22:23:08,046 - bot.handlers.wagon_info_handlers - INFO - Пользователь Sergei id 1071020716 зашел в раздел 'Информация о вагоне'
2024-05-04 22:23:08,176 - aiogram.event - INFO - Update id=824594198 is handled. Duration 132 ms by bot id=7121339655
2024-05-04 22:23:09,149 - aiogram.event - INFO - Update id=824594199 is handled. Duration 237 ms by bot id=7121339655
2024-05-04 22:23:17,630 - aiogram.event - INFO - Update id=824594200 is handled. Duration 122 ms by bot id=7121339655
2024-05-04 22:23:20,990 - aiogram.event - INFO - Update id=824594201 is handled. Duration 261 ms by bot id=7121339655
2024-05-04 22:24:14,467 - aiogram.dispatcher - WARNING - Received SIGINT signal
2024-05-04 22:24:14,468 - aiogram.dispatcher - INFO - Polling stopped for bot @atl_nandy_bot id=7121339655 - 'HandyBOT'
2024-05-04 22:24:14,468 - aiogram.dispatcher - INFO - Polling stopped
2024-05-04 22:24:17,174 - aiogram.dispatcher - INFO - Start polling
2024-05-04 22:24:17,229 - aiogram.dispatcher - INFO - Run polling for bot @atl_nandy_bot id=7121339655 - 'HandyBOT'
2024-05-04 22:24:18,980 - bot.handlers.user_handlers - INFO - Пользователь Sergei id 1071020716 начал разговор.
2024-05-04 22:24:18,981 - aiogram.event - INFO - Update id=824594202 is handled. Duration 246 ms by bot id=7121339655
2024-05-04 22:24:20,261 - bot.handlers.wagon_info_handlers - INFO - Пользователь Sergei id 1071020716 зашел в раздел 'Информация о вагоне'
2024-05-04 22:24:20,363 - aiogram.event - INFO - Update id=824594203 is handled. Duration 104 ms by bot id=7121339655
2024-05-04 22:24:21,876 - aiogram.event - INFO - Update id=824594204 is handled. Duration 417 ms by bot id=7121339655
2024-05-04 22:24:35,488 - aiogram.event - INFO - Update id=824594205 is not handled. Duration 3 ms by bot id=7121339655
2024-05-04 22:26:00,044 - aiogram.dispatcher - WARNING - Received SIGINT signal
2024-05-04 22:26:00,045 - aiogram.dispatcher - INFO - Polling stopped for bot @atl_nandy_bot id=7121339655 - 'HandyBOT'
2024-05-04 22:26:00,045 - aiogram.dispatcher - INFO - Polling stopped
2024-05-04 22:26:02,521 - aiogram.dispatcher - INFO - Start polling
2024-05-04 22:26:02,573 - aiogram.dispatcher - INFO - Run polling for bot @atl_nandy_bot id=7121339655 - 'HandyBOT'
2024-05-04 22:26:03,594 - bot.handlers.user_handlers - INFO - Пользователь Sergei id 1071020716 начал разговор.
2024-05-04 22:26:03,594 - aiogram.event - INFO - Update id=824594206 is handled. Duration 226 ms by bot id=7121339655
2024-05-04 22:26:04,623 - bot.handlers.wagon_info_handlers - INFO - Пользователь Sergei id 1071020716 зашел в раздел 'Информация о вагоне'
2024-05-04 22:26:04,696 - aiogram.event - INFO - Update id=824594207 is handled. Duration 74 ms by bot id=7121339655
2024-05-04 22:26:05,934 - aiogram.event - INFO - Update id=824594208 is handled. Duration 230 ms by bot id=7121339655
2024-05-04 22:26:07,845 - aiogram.event - INFO - Update id=824594209 is handled. Duration 72 ms by bot id=7121339655
2024-05-04 22:26:08,982 - bot.handlers.file_manager_handlers - INFO - Пользователь Sergei id 1071020716 зашел в раздел 'Отчетность'
2024-05-04 22:26:09,065 - aiogram.event - INFO - Update id=824594210 is handled. Duration 175 ms by bot id=7121339655
2024-05-04 22:26:11,270 - aiogram.event - INFO - Update id=824594211 is handled. Duration 82 ms by bot id=7121339655
2024-05-04 22:26:13,578 - bot.handlers.wagon_info_handlers - INFO - Пользователь Sergei id 1071020716 зашел в раздел 'Информация о вагоне'
2024-05-04 22:26:13,647 - aiogram.event - INFO - Update id=824594212 is handled. Duration 70 ms by bot id=7121339655
2024-05-04 22:26:15,547 - aiogram.event - INFO - Update id=824594213 is handled. Duration 241 ms by bot id=7121339655
2024-05-04 22:26:26,897 - aiogram.event - INFO - Update id=824594214 is handled. Duration 335 ms by bot id=7121339655
2024-05-04 22:26:35,893 - aiogram.event - INFO - Update id=824594215 is handled. Duration 371 ms by bot id=7121339655
2024-05-04 22:26:52,083 - aiogram.event - INFO - Update id=824594216 is handled. Duration 381 ms by bot id=7121339655
2024-05-04 22:26:57,209 - aiogram.event - INFO - Update id=824594217 is handled. Duration 110 ms by bot id=7121339655
2024-05-04 22:26:58,394 - bot.handlers.file_manager_handlers - INFO - Пользователь Sergei id 1071020716 зашел в раздел 'Отчетность'
2024-05-04 22:26:58,615 - aiogram.event - INFO - Update id=824594218 is handled. Duration 313 ms by bot id=7121339655
2024-05-04 22:26:59,872 - aiogram.event - INFO - Update id=824594219 is handled. Duration 106 ms by bot id=7121339655
2024-05-04 22:27:00,575 - bot.handlers.wagon_info_handlers - INFO - Пользователь Sergei id 1071020716 зашел в раздел 'Информация о вагоне'
2024-05-04 22:27:00,647 - aiogram.event - INFO - Update id=824594220 is handled. Duration 74 ms by bot id=7121339655
2024-05-04 22:27:01,753 - aiogram.event - INFO - Update id=824594221 is handled. Duration 233 ms by bot id=7121339655
2024-05-04 22:27:45,427 - aiogram.event - INFO - Update id=824594222 is handled. Duration 215 ms by bot id=7121339655
2024-05-04 22:29:54,854 - aiogram.dispatcher - WARNING - Received SIGINT signal
2024-05-04 22:29:54,854 - aiogram.dispatcher - INFO - Polling stopped for bot @atl_nandy_bot id=7121339655 - 'HandyBOT'
2024-05-04 22:29:54,854 - aiogram.dispatcher - INFO - Polling stopped
2024-05-04 22:29:57,747 - aiogram.dispatcher - INFO - Start polling
2024-05-04 22:29:57,796 - aiogram.dispatcher - INFO - Run polling for bot @atl_nandy_bot id=7121339655 - 'HandyBOT'
2024-05-04 22:30:02,507 - bot.handlers.user_handlers - INFO - Пользователь Sergei id 1071020716 начал разговор.
2024-05-04 22:30:02,508 - aiogram.event - INFO - Update id=824594223 is handled. Duration 246 ms by bot id=7121339655
2024-05-04 22:30:06,111 - bot.handlers.wagon_info_handlers - INFO - Пользователь Sergei id 1071020716 зашел в раздел 'Информация о вагоне'
2024-05-04 22:30:06,507 - aiogram.event - INFO - Update id=824594224 is handled. Duration 398 ms by bot id=7121339655
2024-05-04 22:30:08,172 - aiogram.event - INFO - Update id=824594225 is handled. Duration 292 ms by bot id=7121339655
2024-05-04 22:30:12,547 - aiogram.event - INFO - Update id=824594226 is handled. Duration 177 ms by bot id=7121339655
2024-05-04 22:30:13,812 - bot.handlers.file_manager_handlers - INFO - Пользователь Sergei id 1071020716 зашел в раздел 'Отчетность'
2024-05-04 22:30:13,888 - aiogram.event - INFO - Update id=824594227 is handled. Duration 167 ms by bot id=7121339655
2024-05-04 22:30:15,603 - aiogram.event - INFO - Update id=824594228 is handled. Duration 91 ms by bot id=7121339655
2024-05-04 22:30:18,374 - bot.handlers.wagon_info_handlers - INFO - Пользователь Sergei id 1071020716 зашел в раздел 'Информация о вагоне'
2024-05-04 22:30:18,486 - aiogram.event - INFO - Update id=824594229 is handled. Duration 113 ms by bot id=7121339655
2024-05-04 22:30:21,120 - aiogram.event - INFO - Update id=824594230 is handled. Duration 160 ms by bot id=7121339655
2024-05-04 22:30:32,434 - aiogram.event - INFO - Update id=824594231 is handled. Duration 266 ms by bot id=7121339655
2024-05-04 22:30:34,944 - aiogram.event - INFO - Update id=824594232 is handled. Duration 166 ms by bot id=7121339655
2024-05-04 22:30:35,993 - aiogram.event - INFO - Update id=824594233 is handled. Duration 168 ms by bot id=7121339655
2024-05-04 22:30:49,552 - aiogram.event - INFO - Update id=824594234 is handled. Duration 80 ms by bot id=7121339655
2024-05-04 22:30:51,719 - bot.handlers.wagon_info_handlers - INFO - Пользователь Sergei id 1071020716 зашел в раздел 'Информация о вагоне'
2024-05-04 22:30:51,932 - aiogram.event - INFO - Update id=824594235 is handled. Duration 214 ms by bot id=7121339655
2024-05-04 22:30:53,865 - aiogram.event - INFO - Update id=824594236 is handled. Duration 161 ms by bot id=7121339655
2024-05-04 22:30:55,291 - aiogram.event - INFO - Update id=824594237 is handled. Duration 73 ms by bot id=7121339655
2024-05-04 22:31:04,832 - aiogram.event - INFO - Update id=824594238 is handled. Duration 255 ms by bot id=7121339655
2024-05-04 22:32:16,983 - aiogram.dispatcher - WARNING - Received SIGINT signal
2024-05-04 22:32:16,983 - aiogram.dispatcher - INFO - Polling stopped for bot @atl_nandy_bot id=7121339655 - 'HandyBOT'
2024-05-04 22:32:16,983 - aiogram.dispatcher - INFO - Polling stopped
2024-05-04 22:32:19,670 - aiogram.dispatcher - INFO - Start polling
2024-05-04 22:32:19,725 - aiogram.dispatcher - INFO - Run polling for bot @atl_nandy_bot id=7121339655 - 'HandyBOT'
2024-05-04 22:32:27,216 - aiogram.event - INFO - Update id=824594239 is handled. Duration 355 ms by bot id=7121339655
2024-05-04 22:32:28,785 - aiogram.event - INFO - Update id=824594240 is not handled. Duration 6 ms by bot id=7121339655
2024-05-04 22:32:28,785 - aiogram.event - ERROR - Cause exception while process update id=824594240 by bot id=7121339655
NameError: name 'buttons' is not defined
Traceback (most recent call last):
  File "/Library/Frameworks/Python.framework/Versions/3.12/lib/python3.12/site-packages/aiogram/dispatcher/dispatcher.py", line 309, in _process_update
    response = await self.feed_update(bot, update, **kwargs)
               ^^^^^^^^^^^^^^^^^^^^^^^^^^^^^^^^^^^^^^^^^^^^^
  File "/Library/Frameworks/Python.framework/Versions/3.12/lib/python3.12/site-packages/aiogram/dispatcher/dispatcher.py", line 158, in feed_update
    response = await self.update.wrap_outer_middleware(
               ^^^^^^^^^^^^^^^^^^^^^^^^^^^^^^^^^^^^^^^^
  File "/Library/Frameworks/Python.framework/Versions/3.12/lib/python3.12/site-packages/aiogram/dispatcher/middlewares/error.py", line 25, in __call__
    return await handler(event, data)
           ^^^^^^^^^^^^^^^^^^^^^^^^^^
  File "/Library/Frameworks/Python.framework/Versions/3.12/lib/python3.12/site-packages/aiogram/dispatcher/middlewares/user_context.py", line 27, in __call__
    return await handler(event, data)
           ^^^^^^^^^^^^^^^^^^^^^^^^^^
  File "/Library/Frameworks/Python.framework/Versions/3.12/lib/python3.12/site-packages/aiogram/fsm/middleware.py", line 41, in __call__
    return await handler(event, data)
           ^^^^^^^^^^^^^^^^^^^^^^^^^^
  File "/Library/Frameworks/Python.framework/Versions/3.12/lib/python3.12/site-packages/aiogram/dispatcher/event/telegram.py", line 121, in trigger
    return await wrapped_inner(event, kwargs)
           ^^^^^^^^^^^^^^^^^^^^^^^^^^^^^^^^^^
  File "/Library/Frameworks/Python.framework/Versions/3.12/lib/python3.12/site-packages/aiogram/dispatcher/event/handler.py", line 43, in call
    return await wrapped()
           ^^^^^^^^^^^^^^^
  File "/Library/Frameworks/Python.framework/Versions/3.12/lib/python3.12/site-packages/aiogram/dispatcher/dispatcher.py", line 276, in _listen_update
    return await self.propagate_event(update_type=update_type, event=event, **kwargs)
           ^^^^^^^^^^^^^^^^^^^^^^^^^^^^^^^^^^^^^^^^^^^^^^^^^^^^^^^^^^^^^^^^^^^^^^^^^^
  File "/Library/Frameworks/Python.framework/Versions/3.12/lib/python3.12/site-packages/aiogram/dispatcher/router.py", line 128, in propagate_event
    return await observer.wrap_outer_middleware(_wrapped, event=event, data=kwargs)
           ^^^^^^^^^^^^^^^^^^^^^^^^^^^^^^^^^^^^^^^^^^^^^^^^^^^^^^^^^^^^^^^^^^^^^^^^
  File "/Library/Frameworks/Python.framework/Versions/3.12/lib/python3.12/site-packages/aiogram/dispatcher/router.py", line 123, in _wrapped
    return await self._propagate_event(
           ^^^^^^^^^^^^^^^^^^^^^^^^^^^^
  File "/Library/Frameworks/Python.framework/Versions/3.12/lib/python3.12/site-packages/aiogram/dispatcher/router.py", line 156, in _propagate_event
    response = await router.propagate_event(update_type=update_type, event=event, **kwargs)
               ^^^^^^^^^^^^^^^^^^^^^^^^^^^^^^^^^^^^^^^^^^^^^^^^^^^^^^^^^^^^^^^^^^^^^^^^^^^^
  File "/Library/Frameworks/Python.framework/Versions/3.12/lib/python3.12/site-packages/aiogram/dispatcher/router.py", line 128, in propagate_event
    return await observer.wrap_outer_middleware(_wrapped, event=event, data=kwargs)
           ^^^^^^^^^^^^^^^^^^^^^^^^^^^^^^^^^^^^^^^^^^^^^^^^^^^^^^^^^^^^^^^^^^^^^^^^
  File "/Library/Frameworks/Python.framework/Versions/3.12/lib/python3.12/site-packages/aiogram/dispatcher/router.py", line 123, in _wrapped
    return await self._propagate_event(
           ^^^^^^^^^^^^^^^^^^^^^^^^^^^^
  File "/Library/Frameworks/Python.framework/Versions/3.12/lib/python3.12/site-packages/aiogram/dispatcher/router.py", line 148, in _propagate_event
    response = await observer.trigger(event, **kwargs)
               ^^^^^^^^^^^^^^^^^^^^^^^^^^^^^^^^^^^^^^^
  File "/Library/Frameworks/Python.framework/Versions/3.12/lib/python3.12/site-packages/aiogram/dispatcher/event/telegram.py", line 121, in trigger
    return await wrapped_inner(event, kwargs)
           ^^^^^^^^^^^^^^^^^^^^^^^^^^^^^^^^^^
  File "/Library/Frameworks/Python.framework/Versions/3.12/lib/python3.12/site-packages/aiogram/dispatcher/event/handler.py", line 43, in call
    return await wrapped()
           ^^^^^^^^^^^^^^^
  File "/Users/szely/PycharmProjects/pythonDiploma/bot/handlers/file_manager_handlers.py", line 80, in file_manager
    this_button = buttons.get(str(my_directory + first_dir))
                  ^^^^^^^
NameError: name 'buttons' is not defined
2024-05-04 22:32:32,993 - aiogram.event - INFO - Update id=824594241 is not handled. Duration 4 ms by bot id=7121339655
2024-05-04 22:32:32,993 - aiogram.event - ERROR - Cause exception while process update id=824594241 by bot id=7121339655
NameError: name 'buttons' is not defined
Traceback (most recent call last):
  File "/Library/Frameworks/Python.framework/Versions/3.12/lib/python3.12/site-packages/aiogram/dispatcher/dispatcher.py", line 309, in _process_update
    response = await self.feed_update(bot, update, **kwargs)
               ^^^^^^^^^^^^^^^^^^^^^^^^^^^^^^^^^^^^^^^^^^^^^
  File "/Library/Frameworks/Python.framework/Versions/3.12/lib/python3.12/site-packages/aiogram/dispatcher/dispatcher.py", line 158, in feed_update
    response = await self.update.wrap_outer_middleware(
               ^^^^^^^^^^^^^^^^^^^^^^^^^^^^^^^^^^^^^^^^
  File "/Library/Frameworks/Python.framework/Versions/3.12/lib/python3.12/site-packages/aiogram/dispatcher/middlewares/error.py", line 25, in __call__
    return await handler(event, data)
           ^^^^^^^^^^^^^^^^^^^^^^^^^^
  File "/Library/Frameworks/Python.framework/Versions/3.12/lib/python3.12/site-packages/aiogram/dispatcher/middlewares/user_context.py", line 27, in __call__
    return await handler(event, data)
           ^^^^^^^^^^^^^^^^^^^^^^^^^^
  File "/Library/Frameworks/Python.framework/Versions/3.12/lib/python3.12/site-packages/aiogram/fsm/middleware.py", line 41, in __call__
    return await handler(event, data)
           ^^^^^^^^^^^^^^^^^^^^^^^^^^
  File "/Library/Frameworks/Python.framework/Versions/3.12/lib/python3.12/site-packages/aiogram/dispatcher/event/telegram.py", line 121, in trigger
    return await wrapped_inner(event, kwargs)
           ^^^^^^^^^^^^^^^^^^^^^^^^^^^^^^^^^^
  File "/Library/Frameworks/Python.framework/Versions/3.12/lib/python3.12/site-packages/aiogram/dispatcher/event/handler.py", line 43, in call
    return await wrapped()
           ^^^^^^^^^^^^^^^
  File "/Library/Frameworks/Python.framework/Versions/3.12/lib/python3.12/site-packages/aiogram/dispatcher/dispatcher.py", line 276, in _listen_update
    return await self.propagate_event(update_type=update_type, event=event, **kwargs)
           ^^^^^^^^^^^^^^^^^^^^^^^^^^^^^^^^^^^^^^^^^^^^^^^^^^^^^^^^^^^^^^^^^^^^^^^^^^
  File "/Library/Frameworks/Python.framework/Versions/3.12/lib/python3.12/site-packages/aiogram/dispatcher/router.py", line 128, in propagate_event
    return await observer.wrap_outer_middleware(_wrapped, event=event, data=kwargs)
           ^^^^^^^^^^^^^^^^^^^^^^^^^^^^^^^^^^^^^^^^^^^^^^^^^^^^^^^^^^^^^^^^^^^^^^^^
  File "/Library/Frameworks/Python.framework/Versions/3.12/lib/python3.12/site-packages/aiogram/dispatcher/router.py", line 123, in _wrapped
    return await self._propagate_event(
           ^^^^^^^^^^^^^^^^^^^^^^^^^^^^
  File "/Library/Frameworks/Python.framework/Versions/3.12/lib/python3.12/site-packages/aiogram/dispatcher/router.py", line 156, in _propagate_event
    response = await router.propagate_event(update_type=update_type, event=event, **kwargs)
               ^^^^^^^^^^^^^^^^^^^^^^^^^^^^^^^^^^^^^^^^^^^^^^^^^^^^^^^^^^^^^^^^^^^^^^^^^^^^
  File "/Library/Frameworks/Python.framework/Versions/3.12/lib/python3.12/site-packages/aiogram/dispatcher/router.py", line 128, in propagate_event
    return await observer.wrap_outer_middleware(_wrapped, event=event, data=kwargs)
           ^^^^^^^^^^^^^^^^^^^^^^^^^^^^^^^^^^^^^^^^^^^^^^^^^^^^^^^^^^^^^^^^^^^^^^^^
  File "/Library/Frameworks/Python.framework/Versions/3.12/lib/python3.12/site-packages/aiogram/dispatcher/router.py", line 123, in _wrapped
    return await self._propagate_event(
           ^^^^^^^^^^^^^^^^^^^^^^^^^^^^
  File "/Library/Frameworks/Python.framework/Versions/3.12/lib/python3.12/site-packages/aiogram/dispatcher/router.py", line 148, in _propagate_event
    response = await observer.trigger(event, **kwargs)
               ^^^^^^^^^^^^^^^^^^^^^^^^^^^^^^^^^^^^^^^
  File "/Library/Frameworks/Python.framework/Versions/3.12/lib/python3.12/site-packages/aiogram/dispatcher/event/telegram.py", line 121, in trigger
    return await wrapped_inner(event, kwargs)
           ^^^^^^^^^^^^^^^^^^^^^^^^^^^^^^^^^^
  File "/Library/Frameworks/Python.framework/Versions/3.12/lib/python3.12/site-packages/aiogram/dispatcher/event/handler.py", line 43, in call
    return await wrapped()
           ^^^^^^^^^^^^^^^
  File "/Users/szely/PycharmProjects/pythonDiploma/bot/handlers/file_manager_handlers.py", line 80, in file_manager
    this_button = buttons.get(str(my_directory + first_dir))
                  ^^^^^^^
NameError: name 'buttons' is not defined
2024-05-04 22:32:38,347 - bot.handlers.user_handlers - INFO - Пользователь Ирина мег id 1275750441 начал разговор.
2024-05-04 22:32:38,347 - aiogram.event - INFO - Update id=824594242 is handled. Duration 81 ms by bot id=7121339655
2024-05-04 22:32:39,500 - bot.handlers.file_manager_handlers - INFO - Пользователь Ирина мег id 1275750441 зашел в раздел 'Отчетность'
2024-05-04 22:32:39,571 - aiogram.event - INFO - Update id=824594243 is handled. Duration 179 ms by bot id=7121339655
2024-05-04 22:32:41,035 - bot.handlers.file_manager_handlers - INFO - Пользователь Ирина мег id 1275750441 выбрал метод отправки 'На почту'
2024-05-04 22:32:41,269 - aiogram.event - INFO - Update id=824594244 is handled. Duration 238 ms by bot id=7121339655
2024-05-04 22:32:44,560 - aiogram.event - INFO - Update id=824594245 is handled. Duration 150 ms by bot id=7121339655
2024-05-04 22:32:45,836 - bot.handlers.file_manager_handlers - INFO - Статус отправки файла '/Users/szely/Yandex.Disk.localized/Финансовый департамент/ОТЧЕТНОСТЬ/07. Долг/Долг 2024.xlsx' на почту для пользователя  Ирина мег id 1275750441 - 'На Вашу почту irzely@yandex.ru успешно отправлен файл '
2024-05-04 22:32:45,930 - aiogram.event - INFO - Update id=824594246 is handled. Duration 496 ms by bot id=7121339655
2024-05-04 22:32:49,617 - aiogram.event - INFO - Update id=824594247 is handled. Duration 189 ms by bot id=7121339655
2024-05-04 22:32:53,049 - bot.handlers.file_manager_handlers - INFO - Пользователь Ирина мег id 1275750441 запустил поиск файлов
2024-05-04 22:32:53,419 - aiogram.event - INFO - Update id=824594248 is handled. Duration 372 ms by bot id=7121339655
2024-05-04 22:32:57,273 - bot.handlers.file_manager_handlers - INFO - Пользователь Ирина мег id 1275750441 ищет файл(ы) 'Бюджет' через текстовое сообщение
2024-05-04 22:32:57,937 - bot.handlers.file_manager_handlers - INFO - Для пользователя Ирина мег id 1275750441 найден(ы) файл(ы) '/Users/szely/Yandex.Disk.localized/Финансовый департамент/ОТЧЕТНОСТЬ/02. Отчеты/01. Бюджет/2022/02. Скорректированный/Корректировка бюджета 2022_.pptx'
2024-05-04 22:32:58,318 - bot.handlers.file_manager_handlers - INFO - Для пользователя Ирина мег id 1275750441 найден(ы) файл(ы) '/Users/szely/Yandex.Disk.localized/Финансовый департамент/ОТЧЕТНОСТЬ/02. Отчеты/01. Бюджет/2022/02. Скорректированный/Корректировка бюджета 2022.pdf'
2024-05-04 22:32:58,861 - bot.handlers.file_manager_handlers - INFO - Для пользователя Ирина мег id 1275750441 найден(ы) файл(ы) '/Users/szely/Yandex.Disk.localized/Финансовый департамент/ОТЧЕТНОСТЬ/02. Отчеты/01. Бюджет/2022/01. Первоначальный/Бюджет.pdf'
2024-05-04 22:32:59,671 - bot.handlers.file_manager_handlers - INFO - Для пользователя Ирина мег id 1275750441 найден(ы) файл(ы) '/Users/szely/Yandex.Disk.localized/Финансовый департамент/ОТЧЕТНОСТЬ/02. Отчеты/01. Бюджет/2024/01. Первоначальный/Презентация_Бюджет 2024.pdf'
2024-05-04 22:33:00,389 - bot.handlers.file_manager_handlers - INFO - Для пользователя Ирина мег id 1275750441 найден(ы) файл(ы) '/Users/szely/Yandex.Disk.localized/Финансовый департамент/ОТЧЕТНОСТЬ/02. Отчеты/01. Бюджет/2024/01. Первоначальный/Бюджет 2024_утвержденный.pdf'
2024-05-04 22:33:01,002 - bot.handlers.file_manager_handlers - INFO - Для пользователя Ирина мег id 1275750441 найден(ы) файл(ы) '/Users/szely/Yandex.Disk.localized/Финансовый департамент/ОТЧЕТНОСТЬ/02. Отчеты/01. Бюджет/2024/01. Первоначальный/Презентация_Бюджет 2024.pptx'
2024-05-04 22:33:01,639 - bot.handlers.file_manager_handlers - INFO - Для пользователя Ирина мег id 1275750441 найден(ы) файл(ы) '/Users/szely/Yandex.Disk.localized/Финансовый департамент/ОТЧЕТНОСТЬ/02. Отчеты/01. Бюджет/2023/01. Первоначальный/Бюджет 2023 подписанный.pdf'
2024-05-04 22:33:02,106 - bot.handlers.file_manager_handlers - INFO - Для пользователя Ирина мег id 1275750441 найден(ы) файл(ы) '/Users/szely/Yandex.Disk.localized/Финансовый департамент/ОТЧЕТНОСТЬ/02. Отчеты/01. Бюджет/2023/01. Первоначальный/Презентация_Бюджет 2023.pdf'
2024-05-04 22:33:02,298 - aiogram.event - INFO - Update id=824594249 is handled. Duration 5027 ms by bot id=7121339655
2024-05-04 22:33:04,946 - aiogram.event - INFO - Update id=824594250 is handled. Duration 158 ms by bot id=7121339655
2024-05-04 22:33:06,790 - aiogram.event - INFO - Update id=824594251 is handled. Duration 157 ms by bot id=7121339655
2024-05-04 22:33:09,191 - aiogram.event - INFO - Update id=824594252 is handled. Duration 202 ms by bot id=7121339655
2024-05-04 22:33:10,731 - bot.handlers.wagon_info_handlers - INFO - Пользователь Ирина мег id 1275750441 зашел в раздел 'Информация о вагоне'
2024-05-04 22:33:10,819 - aiogram.event - INFO - Update id=824594253 is handled. Duration 91 ms by bot id=7121339655
2024-05-04 22:33:13,298 - aiogram.event - INFO - Update id=824594254 is handled. Duration 318 ms by bot id=7121339655
2024-05-04 22:33:17,634 - aiogram.event - INFO - Update id=824594255 is handled. Duration 193 ms by bot id=7121339655
2024-05-04 22:33:19,072 - aiogram.event - INFO - Update id=824594256 is handled. Duration 99 ms by bot id=7121339655
2024-05-04 22:33:25,740 - bot.handlers.analitics_handlers - INFO - Пользователь Ирина мег id 1275750441 зашел в раздел 'Аналитика'
2024-05-04 22:33:27,346 - aiogram.event - INFO - Update id=824594257 is handled. Duration 1668 ms by bot id=7121339655
2024-05-04 22:33:28,563 - aiogram.event - INFO - Update id=824594258 is handled. Duration 97 ms by bot id=7121339655
2024-05-04 22:33:30,971 - bot.handlers.wagon_valuation_handlers - INFO - Пользователь Ирина мег id 1275750441 зашел в раздел 'Оценить вагон'
2024-05-04 22:33:31,090 - aiogram.event - INFO - Update id=824594259 is handled. Duration 122 ms by bot id=7121339655
2024-05-04 22:33:33,297 - aiogram.event - INFO - Update id=824594260 is handled. Duration 81 ms by bot id=7121339655
2024-05-04 22:33:34,748 - bot.handlers.analitics_handlers - INFO - Пользователь Ирина мег id 1275750441 зашел в раздел 'Аналитика'
2024-05-04 22:33:35,494 - aiogram.event - INFO - Update id=824594261 is handled. Duration 805 ms by bot id=7121339655
2024-05-04 22:33:36,918 - aiogram.event - INFO - Update id=824594262 is handled. Duration 179 ms by bot id=7121339655
2024-05-04 22:33:38,442 - bot.handlers.macro_info_handlers - INFO - Пользователь Ирина мег id 1275750441 зашел в раздел 'Макроинформация'
2024-05-04 22:33:38,665 - aiogram.event - INFO - Update id=824594263 is handled. Duration 346 ms by bot id=7121339655
2024-05-04 22:33:40,410 - aiogram.event - INFO - Update id=824594264 is handled. Duration 87 ms by bot id=7121339655
2024-05-04 22:33:41,553 - bot.handlers.wagon_valuation_handlers - ERROR - Пользователь Ирина мег id 1275750441 ввел неверный формат данных: could not convert string to float: 'Информация о вагоне ℹ️'
2024-05-04 22:33:41,703 - aiogram.event - INFO - Update id=824594265 is handled. Duration 153 ms by bot id=7121339655
2024-05-04 22:34:04,669 - aiogram.event - INFO - Update id=824594266 is handled. Duration 181 ms by bot id=7121339655
2024-05-04 22:34:17,925 - bot.handlers.wagon_valuation_handlers - INFO - Пользователь Ирина мег id 1275750441 зашел в раздел 'Оценить вагон'
2024-05-04 22:34:18,111 - aiogram.event - INFO - Update id=824594267 is handled. Duration 188 ms by bot id=7121339655
2024-05-04 22:34:22,039 - aiogram.event - INFO - Update id=824594268 is handled. Duration 83 ms by bot id=7121339655
2024-05-04 22:34:24,338 - bot.handlers.file_manager_handlers - INFO - Пользователь Ирина мег id 1275750441 зашел в раздел 'Отчетность'
2024-05-04 22:34:24,405 - aiogram.event - INFO - Update id=824594269 is handled. Duration 176 ms by bot id=7121339655
2024-05-04 22:34:26,389 - aiogram.event - INFO - Update id=824594270 is handled. Duration 89 ms by bot id=7121339655
2024-05-04 22:34:27,940 - bot.handlers.wagon_valuation_handlers - ERROR - Пользователь Ирина мег id 1275750441 ввел неверный формат данных: could not convert string to float: 'Информация о вагоне ℹ️'
2024-05-04 22:34:28,137 - aiogram.event - INFO - Update id=824594271 is handled. Duration 198 ms by bot id=7121339655
2024-05-04 22:36:49,369 - aiogram.dispatcher - WARNING - Received SIGINT signal
2024-05-04 22:36:49,370 - aiogram.dispatcher - INFO - Polling stopped for bot @atl_nandy_bot id=7121339655 - 'HandyBOT'
2024-05-04 22:36:49,370 - aiogram.dispatcher - INFO - Polling stopped
2024-05-04 22:36:51,955 - aiogram.dispatcher - INFO - Start polling
2024-05-04 22:36:52,008 - aiogram.dispatcher - INFO - Run polling for bot @atl_nandy_bot id=7121339655 - 'HandyBOT'
2024-05-04 22:37:05,825 - bot.handlers.user_handlers - INFO - Пользователь Ирина мег id 1275750441 начал разговор.
2024-05-04 22:37:05,825 - aiogram.event - INFO - Update id=824594272 is handled. Duration 201 ms by bot id=7121339655
2024-05-04 22:37:12,591 - bot.handlers.wagon_valuation_handlers - INFO - Пользователь Ирина мег id 1275750441 зашел в раздел 'Оценить вагон'
2024-05-04 22:37:12,673 - aiogram.event - INFO - Update id=824594273 is handled. Duration 85 ms by bot id=7121339655
2024-05-04 22:37:13,989 - aiogram.event - INFO - Update id=824594274 is handled. Duration 71 ms by bot id=7121339655
2024-05-04 22:37:15,662 - bot.handlers.wagon_valuation_handlers - ERROR - Пользователь Ирина мег id 1275750441 ввел неверный формат данных: could not convert string to float: 'Информация о вагоне ℹ️'
2024-05-04 22:37:15,835 - aiogram.event - INFO - Update id=824594275 is handled. Duration 176 ms by bot id=7121339655
2024-05-04 22:39:46,454 - aiogram.dispatcher - WARNING - Received SIGINT signal
2024-05-04 22:39:46,454 - aiogram.dispatcher - INFO - Polling stopped for bot @atl_nandy_bot id=7121339655 - 'HandyBOT'
2024-05-04 22:39:46,455 - aiogram.dispatcher - INFO - Polling stopped
2024-05-04 22:39:48,852 - aiogram.dispatcher - INFO - Start polling
2024-05-04 22:39:48,909 - aiogram.dispatcher - INFO - Run polling for bot @atl_nandy_bot id=7121339655 - 'HandyBOT'
2024-05-04 22:39:54,141 - bot.handlers.user_handlers - INFO - Пользователь Ирина мег id 1275750441 начал разговор.
2024-05-04 22:39:54,141 - aiogram.event - INFO - Update id=824594276 is handled. Duration 250 ms by bot id=7121339655
2024-05-04 22:39:57,154 - bot.handlers.file_manager_handlers - INFO - Пользователь Ирина мег id 1275750441 зашел в раздел 'Отчетность'
2024-05-04 22:39:57,317 - aiogram.event - INFO - Update id=824594277 is handled. Duration 271 ms by bot id=7121339655
2024-05-04 22:39:58,461 - aiogram.event - INFO - Update id=824594278 is handled. Duration 189 ms by bot id=7121339655
2024-05-04 22:40:01,858 - bot.handlers.wagon_valuation_handlers - INFO - Пользователь Ирина мег id 1275750441 зашел в раздел 'Оценить вагон'
2024-05-04 22:40:01,942 - aiogram.event - INFO - Update id=824594279 is handled. Duration 87 ms by bot id=7121339655
2024-05-04 22:40:03,470 - aiogram.event - INFO - Update id=824594280 is handled. Duration 79 ms by bot id=7121339655
2024-05-04 22:40:05,778 - bot.handlers.wagon_valuation_handlers - ERROR - Пользователь Ирина мег id 1275750441 ввел неверный формат данных: could not convert string to float: 'Информация о вагоне ℹ️'
2024-05-04 22:40:05,943 - aiogram.event - INFO - Update id=824594281 is handled. Duration 168 ms by bot id=7121339655
2024-05-04 22:41:27,527 - aiogram.dispatcher - WARNING - Received SIGINT signal
2024-05-04 22:41:27,527 - aiogram.dispatcher - INFO - Polling stopped for bot @atl_nandy_bot id=7121339655 - 'HandyBOT'
2024-05-04 22:41:27,527 - aiogram.dispatcher - INFO - Polling stopped
2024-05-04 22:41:29,933 - aiogram.dispatcher - INFO - Start polling
2024-05-04 22:41:29,984 - aiogram.dispatcher - INFO - Run polling for bot @atl_nandy_bot id=7121339655 - 'HandyBOT'
2024-05-04 22:41:36,116 - bot.handlers.user_handlers - INFO - Пользователь Ирина мег id 1275750441 начал разговор.
2024-05-04 22:41:36,116 - aiogram.event - INFO - Update id=824594282 is handled. Duration 224 ms by bot id=7121339655
2024-05-04 22:41:37,298 - bot.handlers.wagon_valuation_handlers - INFO - Пользователь Ирина мег id 1275750441 зашел в раздел 'Оценить вагон'
2024-05-04 22:41:37,439 - aiogram.event - INFO - Update id=824594283 is handled. Duration 144 ms by bot id=7121339655
2024-05-04 22:41:38,607 - aiogram.event - INFO - Update id=824594284 is handled. Duration 186 ms by bot id=7121339655
2024-05-04 22:41:39,584 - bot.handlers.wagon_valuation_handlers - ERROR - Пользователь Ирина мег id 1275750441 ввел неверный формат данных: could not convert string to float: 'Информация о вагоне ℹ️'
2024-05-04 22:41:39,790 - aiogram.event - INFO - Update id=824594285 is handled. Duration 209 ms by bot id=7121339655
2024-05-04 22:44:29,951 - aiogram.dispatcher - WARNING - Received SIGINT signal
2024-05-04 22:44:29,952 - aiogram.dispatcher - INFO - Polling stopped for bot @atl_nandy_bot id=7121339655 - 'HandyBOT'
2024-05-04 22:44:29,952 - aiogram.dispatcher - INFO - Polling stopped
2024-05-04 22:44:32,671 - aiogram.dispatcher - INFO - Start polling
2024-05-04 22:44:32,722 - aiogram.dispatcher - INFO - Run polling for bot @atl_nandy_bot id=7121339655 - 'HandyBOT'
2024-05-04 22:44:36,461 - bot.handlers.user_handlers - INFO - Пользователь Sergei id 1071020716 начал разговор.
2024-05-04 22:44:36,461 - aiogram.event - INFO - Update id=824594286 is handled. Duration 196 ms by bot id=7121339655
2024-05-04 22:44:38,310 - bot.handlers.wagon_valuation_handlers - INFO - Пользователь Sergei id 1071020716 зашел в раздел 'Оценить вагон'
2024-05-04 22:44:38,381 - aiogram.event - INFO - Update id=824594287 is handled. Duration 73 ms by bot id=7121339655
2024-05-04 22:44:39,206 - aiogram.event - INFO - Update id=824594288 is handled. Duration 104 ms by bot id=7121339655
2024-05-04 22:44:40,051 - aiogram.event - INFO - Update id=824594289 is handled. Duration 3 ms by bot id=7121339655
2024-05-04 22:49:50,940 - aiogram.dispatcher - WARNING - Received SIGINT signal
2024-05-04 22:49:50,941 - aiogram.dispatcher - INFO - Polling stopped for bot @atl_nandy_bot id=7121339655 - 'HandyBOT'
2024-05-04 22:49:50,941 - aiogram.dispatcher - INFO - Polling stopped
2024-05-04 22:49:53,758 - aiogram.dispatcher - INFO - Start polling
2024-05-04 22:49:53,818 - aiogram.dispatcher - INFO - Run polling for bot @atl_nandy_bot id=7121339655 - 'HandyBOT'
2024-05-04 22:49:54,127 - bot.handlers.user_handlers - INFO - Пользователь Sergei id 1071020716 начал разговор.
2024-05-04 22:49:54,129 - aiogram.event - INFO - Update id=824594290 is handled. Duration 214 ms by bot id=7121339655
2024-05-04 22:49:55,590 - aiogram.event - INFO - Update id=824594291 is handled. Duration 2 ms by bot id=7121339655
2024-05-04 22:50:03,123 - aiogram.dispatcher - WARNING - Received SIGINT signal
2024-05-04 22:50:03,123 - aiogram.dispatcher - INFO - Polling stopped for bot @atl_nandy_bot id=7121339655 - 'HandyBOT'
2024-05-04 22:50:03,123 - aiogram.dispatcher - INFO - Polling stopped
2024-05-04 22:50:05,532 - aiogram.dispatcher - INFO - Start polling
2024-05-04 22:50:05,581 - aiogram.dispatcher - INFO - Run polling for bot @atl_nandy_bot id=7121339655 - 'HandyBOT'
2024-05-04 22:50:10,133 - bot.handlers.user_handlers - INFO - Пользователь Sergei id 1071020716 начал разговор.
2024-05-04 22:50:10,133 - aiogram.event - INFO - Update id=824594292 is handled. Duration 264 ms by bot id=7121339655
2024-05-04 22:50:10,863 - aiogram.event - INFO - Update id=824594293 is handled. Duration 2 ms by bot id=7121339655
2024-05-04 22:50:53,389 - aiogram.dispatcher - WARNING - Received SIGINT signal
2024-05-04 22:50:53,390 - aiogram.dispatcher - INFO - Polling stopped for bot @atl_nandy_bot id=7121339655 - 'HandyBOT'
2024-05-04 22:50:53,390 - aiogram.dispatcher - INFO - Polling stopped
2024-05-04 22:50:55,851 - aiogram.dispatcher - INFO - Start polling
2024-05-04 22:50:55,907 - aiogram.dispatcher - INFO - Run polling for bot @atl_nandy_bot id=7121339655 - 'HandyBOT'
2024-05-04 22:50:57,006 - bot.handlers.user_handlers - INFO - Пользователь Sergei id 1071020716 начал разговор.
2024-05-04 22:50:57,006 - aiogram.event - INFO - Update id=824594294 is handled. Duration 280 ms by bot id=7121339655
2024-05-04 22:50:57,855 - bot.handlers.wagon_valuation_handlers - INFO - Пользователь Sergei id 1071020716 зашел в раздел 'Оценить вагон'
2024-05-04 22:50:57,998 - aiogram.event - INFO - Update id=824594295 is handled. Duration 145 ms by bot id=7121339655
2024-05-04 22:51:02,565 - aiogram.event - INFO - Update id=824594296 is handled. Duration 86 ms by bot id=7121339655
2024-05-04 22:51:03,408 - aiogram.event - INFO - Update id=824594297 is handled. Duration 2 ms by bot id=7121339655
2024-05-04 22:51:07,145 - aiogram.event - INFO - Update id=824594298 is not handled. Duration 3 ms by bot id=7121339655
2024-05-04 22:51:19,424 - bot.handlers.user_handlers - INFO - Пользователь Sergei id 1071020716 начал разговор.
2024-05-04 22:51:19,425 - aiogram.event - INFO - Update id=824594299 is handled. Duration 187 ms by bot id=7121339655
2024-05-04 22:51:22,118 - aiogram.event - INFO - Update id=824594300 is handled. Duration 2 ms by bot id=7121339655
2024-05-04 22:52:30,868 - aiogram.dispatcher - WARNING - Received SIGINT signal
2024-05-04 22:52:30,868 - aiogram.dispatcher - INFO - Polling stopped for bot @atl_nandy_bot id=7121339655 - 'HandyBOT'
2024-05-04 22:52:30,868 - aiogram.dispatcher - INFO - Polling stopped
2024-05-04 22:52:33,535 - aiogram.dispatcher - INFO - Start polling
2024-05-04 22:52:33,589 - aiogram.dispatcher - INFO - Run polling for bot @atl_nandy_bot id=7121339655 - 'HandyBOT'
2024-05-04 22:52:37,658 - bot.handlers.user_handlers - INFO - Пользователь Sergei id 1071020716 начал разговор.
2024-05-04 22:52:37,659 - aiogram.event - INFO - Update id=824594301 is handled. Duration 207 ms by bot id=7121339655
2024-05-04 22:52:39,775 - bot.handlers.wagon_valuation_handlers - INFO - Пользователь Sergei id 1071020716 зашел в раздел 'Информация о вагоне'
2024-05-04 22:52:39,866 - aiogram.event - INFO - Update id=824594302 is handled. Duration 94 ms by bot id=7121339655
2024-05-04 22:52:41,664 - aiogram.event - INFO - Update id=824594303 is handled. Duration 164 ms by bot id=7121339655
2024-05-04 22:52:43,012 - aiogram.event - INFO - Update id=824594304 is handled. Duration 90 ms by bot id=7121339655
2024-05-04 22:52:44,227 - bot.handlers.wagon_valuation_handlers - INFO - Пользователь Sergei id 1071020716 зашел в раздел 'Оценить вагон'
2024-05-04 22:52:44,317 - aiogram.event - INFO - Update id=824594305 is handled. Duration 92 ms by bot id=7121339655
2024-05-04 22:52:46,461 - aiogram.event - INFO - Update id=824594306 is handled. Duration 93 ms by bot id=7121339655
2024-05-04 22:52:47,932 - aiogram.event - INFO - Update id=824594307 is handled. Duration 122 ms by bot id=7121339655
2024-05-04 22:52:49,230 - bot.handlers.wagon_valuation_handlers - INFO - Пользователь Sergei id 1071020716 зашел в раздел 'Информация о вагоне'
2024-05-04 22:52:49,360 - aiogram.event - INFO - Update id=824594308 is handled. Duration 133 ms by bot id=7121339655
2024-05-04 22:52:53,439 - aiogram.event - INFO - Update id=824594309 is handled. Duration 273 ms by bot id=7121339655
2024-05-04 22:52:55,476 - aiogram.event - INFO - Update id=824594310 is handled. Duration 94 ms by bot id=7121339655
2024-05-04 22:52:56,420 - bot.handlers.wagon_valuation_handlers - INFO - Пользователь Sergei id 1071020716 зашел в раздел 'Оценить вагон'
2024-05-04 22:52:56,532 - aiogram.event - INFO - Update id=824594311 is handled. Duration 115 ms by bot id=7121339655
2024-05-04 22:53:00,583 - aiogram.event - INFO - Update id=824594312 is handled. Duration 129 ms by bot id=7121339655
2024-05-04 22:53:01,267 - bot.handlers.wagon_valuation_handlers - INFO - Пользователь Sergei id 1071020716 зашел в раздел 'Информация о вагоне'
2024-05-04 22:53:01,452 - aiogram.event - INFO - Update id=824594313 is handled. Duration 187 ms by bot id=7121339655
2024-05-04 22:53:07,503 - aiogram.event - INFO - Update id=824594314 is handled. Duration 109 ms by bot id=7121339655
2024-05-04 22:53:10,720 - aiogram.event - INFO - Update id=824594315 is handled. Duration 205 ms by bot id=7121339655
2024-05-04 22:53:12,065 - aiogram.event - INFO - Update id=824594316 is handled. Duration 84 ms by bot id=7121339655
2024-05-04 22:53:12,957 - bot.handlers.wagon_valuation_handlers - INFO - Пользователь Sergei id 1071020716 зашел в раздел 'Оценить вагон'
2024-05-04 22:53:13,049 - aiogram.event - INFO - Update id=824594317 is handled. Duration 94 ms by bot id=7121339655
2024-05-04 22:53:16,281 - aiogram.event - INFO - Update id=824594318 is handled. Duration 77 ms by bot id=7121339655
2024-05-04 22:53:17,906 - bot.handlers.wagon_valuation_handlers - INFO - Пользователь Sergei id 1071020716 зашел в раздел 'Информация о вагоне'
2024-05-04 22:53:17,978 - aiogram.event - INFO - Update id=824594319 is handled. Duration 74 ms by bot id=7121339655
2024-05-04 22:53:48,915 - aiogram.dispatcher - WARNING - Received SIGINT signal
2024-05-04 22:53:48,916 - aiogram.dispatcher - INFO - Polling stopped for bot @atl_nandy_bot id=7121339655 - 'HandyBOT'
2024-05-04 22:53:48,916 - aiogram.dispatcher - INFO - Polling stopped
2024-05-04 22:53:51,691 - aiogram.dispatcher - INFO - Start polling
2024-05-04 22:53:51,744 - aiogram.dispatcher - INFO - Run polling for bot @atl_nandy_bot id=7121339655 - 'HandyBOT'
2024-05-04 22:53:55,051 - bot.handlers.user_handlers - INFO - Пользователь Sergei id 1071020716 начал разговор.
2024-05-04 22:53:55,051 - aiogram.event - INFO - Update id=824594320 is handled. Duration 279 ms by bot id=7121339655
2024-05-04 22:53:56,181 - bot.handlers.wagon_valuation_handlers - INFO - Пользователь Sergei id 1071020716 зашел в раздел 'Оценить вагон'
2024-05-04 22:53:56,282 - aiogram.event - INFO - Update id=824594321 is handled. Duration 103 ms by bot id=7121339655
2024-05-04 22:53:57,425 - aiogram.event - INFO - Update id=824594322 is handled. Duration 147 ms by bot id=7121339655
2024-05-04 22:53:58,206 - bot.handlers.wagon_valuation_handlers - INFO - Пользователь Sergei id 1071020716 зашел в раздел 'Информация о вагоне'
2024-05-04 22:53:58,318 - aiogram.event - INFO - Update id=824594323 is handled. Duration 114 ms by bot id=7121339655
2024-05-04 22:53:59,544 - aiogram.event - INFO - Update id=824594324 is handled. Duration 107 ms by bot id=7121339655
2024-05-04 22:54:00,304 - bot.handlers.wagon_valuation_handlers - INFO - Пользователь Sergei id 1071020716 зашел в раздел 'Оценить вагон'
2024-05-04 22:54:00,484 - aiogram.event - INFO - Update id=824594325 is handled. Duration 180 ms by bot id=7121339655
2024-05-04 22:54:01,626 - aiogram.event - INFO - Update id=824594326 is handled. Duration 98 ms by bot id=7121339655
2024-05-04 22:54:02,318 - bot.handlers.wagon_valuation_handlers - INFO - Пользователь Sergei id 1071020716 зашел в раздел 'Информация о вагоне'
2024-05-04 22:54:02,394 - aiogram.event - INFO - Update id=824594327 is handled. Duration 78 ms by bot id=7121339655
2024-05-04 22:54:03,209 - aiogram.event - INFO - Update id=824594328 is handled. Duration 72 ms by bot id=7121339655
2024-05-04 22:54:04,001 - bot.handlers.analitics_handlers - INFO - Пользователь Sergei id 1071020716 зашел в раздел 'Аналитика'
2024-05-04 22:54:05,377 - aiogram.event - INFO - Update id=824594329 is handled. Duration 1429 ms by bot id=7121339655
2024-05-04 22:54:06,278 - aiogram.event - INFO - Update id=824594330 is handled. Duration 119 ms by bot id=7121339655
2024-05-04 22:54:07,306 - bot.handlers.file_manager_handlers - INFO - Пользователь Sergei id 1071020716 зашел в раздел 'Отчетность'
2024-05-04 22:54:07,400 - aiogram.event - INFO - Update id=824594331 is handled. Duration 186 ms by bot id=7121339655
2024-05-04 22:54:09,007 - bot.handlers.file_manager_handlers - INFO - Пользователь Sergei id 1071020716 выбрал метод отправки 'В бот'
2024-05-04 22:54:09,179 - aiogram.event - INFO - Update id=824594332 is handled. Duration 176 ms by bot id=7121339655
2024-05-04 22:54:10,023 - aiogram.event - INFO - Update id=824594333 is handled. Duration 166 ms by bot id=7121339655
2024-05-04 22:54:10,920 - aiogram.event - INFO - Update id=824594334 is handled. Duration 254 ms by bot id=7121339655
2024-05-04 22:54:12,169 - aiogram.event - INFO - Update id=824594335 is handled. Duration 367 ms by bot id=7121339655
2024-05-04 22:54:12,728 - bot.handlers.file_manager_handlers - INFO - Пользователь Sergei id 1071020716 получил файл '/Users/szely/Yandex.Disk.localized/Финансовый департамент/ОТЧЕТНОСТЬ/07. Долг/Долг 2024.xlsx' в бот
2024-05-04 22:54:12,858 - aiogram.event - INFO - Update id=824594336 is handled. Duration 131 ms by bot id=7121339655
2024-05-04 22:54:16,580 - bot.handlers.file_manager_handlers - INFO - Пользователь Sergei id 1071020716 запустил поиск файлов
2024-05-04 22:54:16,751 - aiogram.event - INFO - Update id=824594337 is handled. Duration 172 ms by bot id=7121339655
2024-05-04 22:54:20,601 - bot.handlers.file_manager_handlers - INFO - Пользователь Sergei id 1071020716 ищет файл(ы) 'kdfk' через текстовое сообщение
2024-05-04 22:54:20,719 - bot.handlers.file_manager_handlers - INFO - Для пользователя Sergei id 1071020716 не найдены файл(ы)
2024-05-04 22:54:20,927 - aiogram.event - INFO - Update id=824594338 is handled. Duration 327 ms by bot id=7121339655
2024-05-04 22:54:23,182 - aiogram.event - INFO - Update id=824594339 is handled. Duration 111 ms by bot id=7121339655
2024-05-04 22:54:25,964 - bot.handlers.macro_info_handlers - INFO - Пользователь Sergei id 1071020716 зашел в раздел 'Макроинформация'
2024-05-04 22:54:26,153 - aiogram.event - INFO - Update id=824594340 is handled. Duration 302 ms by bot id=7121339655
2024-05-04 22:54:27,596 - aiogram.event - INFO - Update id=824594341 is handled. Duration 149 ms by bot id=7121339655
